[ 15.04.2019 - 19:36:16 ]
    (MSG) [2] in SMILExtract : openSMILE starting!
[ 15.04.2019 - 19:36:16 ]
    (MSG) [2] in SMILExtract : config file is: C:/Users/kaldi/Desktop/opensmile-2.3.0/config/IS09_emotion.conf
[ 15.04.2019 - 19:36:16 ]
    (MSG) [2] in cComponentManager : successfully registered 95 component types.
[ 15.04.2019 - 19:36:16 ]
    (MSG) [2] in instance 'lldsink' : No filename given, disabling this sink component.
[ 15.04.2019 - 19:36:16 ]
    (MSG) [2] in instance 'lldhtksink' : No filename given, disabling this sink component.
[ 15.04.2019 - 19:36:16 ]
    (MSG) [2] in instance 'lldarffsink' : No filename given, disabling this sink component.
[ 15.04.2019 - 19:36:16 ]
    (MSG) [2] in instance 'csvsink' : No filename given, disabling this sink component.
[ 15.04.2019 - 19:36:16 ]
    (MSG) [2] in instance 'htksink' : No filename given, disabling this sink component.
[ 15.04.2019 - 19:36:16 ]
    (MSG) [2] in cComponentManager : successfully finished createInstances
                                 (25 component instances were finalised, 1 data memories were finalised)
[ 15.04.2019 - 19:36:16 ]
    (MSG) [2] in cComponentManager : starting single thread processing loop
[ 15.04.2019 - 19:36:16 ]
    (MSG) [2] in cComponentManager : Processing finished! System ran for 314 ticks.
